C51 COMPILER V9.60.0.0   MAIN                                          10/10/2020 19:05:03 PAGE 1   


C51 COMPILER V9.60.0.0, COMPILATION OF MODULE MAIN
OBJECT MODULE PLACED IN main.OBJ
COMPILER INVOKED BY: D:\APP\Keil\C51\BIN\C51.EXE main.c OPTIMIZE(8,SPEED) BROWSE INCDIR(.\SRC) DEBUG
                    - OBJECTEXTEND PAGEWIDTH(100)

line level    source

   1          /************************************* 
   2          家用空调控制程序代码
   3          OLED显示屏
   4          SCL P0.2
   5          SDA P0.1
   6          
   7          DHT温湿度传感器
   8          数据接口 P0.0
   9          
  10          红外发射模块
  11          
  12          
  13          **************************************/
  14          #include "REG51.h"
  15          #include "oled.h"
  16          #include "bmp.h"
  17          #include "DHT111.h"
  18          #include "remote.h"
  19          #include "wifi.h"
  20          
  21          /*事先定义函数*/
  22          void showTemperature();
  23          void keyScan();
  24          void airContorl(int tmp2);
  25          void Delay(int i);
  26          
  27          int main(void)
  28          {       
  29   1              /*温度传感器每隔1S才生效，所以这里加上两个变量控制*/
  30   1          u32 i=0,i2=0;
  31   1              unsigned char now,temp=0; // 前面那个是当前的温度，后面那个是获取到的温度
  32   1              OLED_Init();                    //初始化OLED 
  33   1              uInit();          //初始化串口
  34   1              u2Init();         //初始化串口2
  35   1              OLED_Clear();     //清除OLED
  36   1              while(1) 
  37   1              {       
  38   2                      /*这个用来显示温度*/
  39   2                      i++;
  40   2                      if(i>50000){
  41   3                              // 这里我们实时判断空调温度是否发送变化了
  42   3                              temp = getTemp();
  43   3                              if (temp!=now){
  44   4                                      now = temp;
  45   4                                      AirControl(now);
  46   4                              }
  47   3                              i=0;
  48   3                              i2++;
  49   3                              if(i2==4)
  50   3                              {
  51   4                                      i2=0;
  52   4                                      showTemperature();
  53   4                              }
  54   3                      }
C51 COMPILER V9.60.0.0   MAIN                                          10/10/2020 19:05:03 PAGE 2   

  55   2              }         
  56   1              
  57   1      }
  58          
  59          /*该函数用于显示温度*/
  60          void showTemperature()
  61          {
  62   1              int h,l,tmp;
  63   1              u32 T[5]={1,1,1,1,1};//前3位为温度（后一位是小数位），后面两位是湿度的单位
  64   1              //获取温度参数
  65   1              DHT_Collect(&T);
  66   1              // wifi模块发送当前数据
  67   1              SendString2("$temp,"); 
  68   1              // 发送温度数据
  69   1              SendData2(T[0]+48);
  70   1              SendData2(T[1]+48);
  71   1              SendString2(".");
  72   1              SendData2(T[2]+48);
  73   1              SendString2(",");
  74   1              // 发送湿度数据
  75   1              SendData2(T[3]+48);
  76   1              SendData2(T[4]+48);
  77   1              SendString2(",");
  78   1              // 发送空调当前的温度
  79   1              tmp = getTemp();
  80   1              if(tmp){
  81   2                      SendData2(tmp/10+48);
  82   2                      SendData2(tmp%10+48);
  83   2              } else {
  84   2                      SendString2("0");
  85   2              }
  86   1              // 最后一位避免转换出错
  87   1              SendString2(",0");
  88   1              SendString2("b");
  89   1              
  90   1              /*这里显示温度*/
  91   1              OLED_ShowCHinese(0,0,0);//温
  92   1              OLED_ShowCHinese(17,0,2);//度
  93   1              OLED_ShowString(34,0,":",16); 
  94   1              OLED_ShowChar(43,0,T[0]+48,16);//显示ASCII字符
  95   1              OLED_ShowChar(52,0,T[1]+48,16);//显示ASCII字符
  96   1              OLED_ShowString(61,0,".",16);
  97   1              OLED_ShowChar(70,0,T[2]+48,16);//显示ASCII字符                  
  98   1              OLED_ShowCHinese(79,0,3);//温度
  99   1              /*这里显示湿度*/
 100   1              OLED_ShowCHinese(0,2,1);//湿
 101   1              OLED_ShowCHinese(17,2,2);//度
 102   1              OLED_ShowString(34,2,":",16); 
 103   1              OLED_ShowChar(43,2,T[3]+48,16);//显示ASCII字符
 104   1              OLED_ShowChar(52,2,T[4]+48,16);//显示ASCII字符
 105   1              OLED_ShowString(61,2,"%",16);
 106   1              /*这里显示空调*/
 107   1              OLED_ShowCHinese(0,4,4);//温
 108   1              OLED_ShowCHinese(17,4,5);//度
 109   1              OLED_ShowString(34,4,":",16);
 110   1              //温度处理
 111   1              if(tmp)
 112   1              {
 113   2                      //先想办法获取空调的高位
 114   2                      h=tmp/10+48;
 115   2                      l=tmp%10+48;
 116   2                      OLED_ShowChar(42,4,h,16);
C51 COMPILER V9.60.0.0   MAIN                                          10/10/2020 19:05:03 PAGE 3   

 117   2                      OLED_ShowChar(50,4,l,16);
 118   2                      OLED_ShowCHinese(58,4,3);//温度
 119   2              }               
 120   1              else 
 121   1              {
 122   2                      OLED_ShowString(42,4,"off    ",16);
 123   2              }
 124   1      }
 125          
 126          /*延时函数*/
 127          void Delay(int i)
 128          {
 129   1              while(i--);
 130   1      }
 131          
 132          


MODULE INFORMATION:   STATIC OVERLAYABLE
   CODE SIZE        =    595    ----
   CONSTANT SIZE    =   2088    ----
   XDATA SIZE       =   ----    ----
   PDATA SIZE       =   ----    ----
   DATA SIZE        =   ----      20
   IDATA SIZE       =   ----    ----
   BIT SIZE         =   ----    ----
END OF MODULE INFORMATION.


C51 COMPILATION COMPLETE.  0 WARNING(S),  0 ERROR(S)
